time="2024-05-24 19:59:47" level=info msg="Connected to DB"
time="2024-05-24 20:19:57" level=info msg="Connected to DB"
time="2024-05-24 20:19:57" level=info msg="Connected to DB"
time="2024-05-24 20:19:57" level=info msg="server listen to port :"
time="2024-05-24 20:20:34" level=info msg="Connected to DB"
time="2024-05-24 20:20:34" level=info msg="Connected to DB"
time="2024-05-24 20:20:34" level=info msg="server listen to port ::8080"
time="2024-05-24 20:20:44" level=info msg="Connected to DB"
time="2024-05-24 20:20:44" level=info msg="Connected to DB"
time="2024-05-24 20:20:44" level=info msg="server listen to port :8080"
time="2024-05-24 20:20:55" level=error msg="Sign Up | High | fail to insert user" error="Error 1146 (42S02): Table 'mysql.users' doesn't exist" request="{\"nik\":\"689347689\",\"fullname\":\"lukas linardi\",\"legal_name\":\"felix linardi\",\"birth_place\":\"bogor\",\"birth_date\":\"0001-01-01T00:00:00Z\",\"salary\":8980899,\"ktp_pics\":\"ktp_pics\",\"pics\":\"pics\"}"
time="2024-05-24 20:21:42" level=info msg="Connected to DB"
time="2024-05-24 20:21:42" level=info msg="Connected to DB"
time="2024-05-24 20:21:42" level=info msg="server listen to port :8080"
time="2024-05-24 20:24:20" level=info msg="Connected to DB"
time="2024-05-24 20:24:20" level=info msg="Connected to DB"
time="2024-05-24 20:24:20" level=info msg="server listen to port :8080"
time="2024-05-24 20:46:39" level=info msg="Connected to DB"
time="2024-05-24 20:46:39" level=info msg="Connected to DB"
time="2024-05-24 20:46:39" level=info msg="server listen to port :8080"
time="2024-05-24 20:52:23" level=info msg="Connected to DB"
time="2024-05-24 20:52:23" level=info msg="Connected to DB"
time="2024-05-24 20:52:23" level=info msg="server listen to port :8080"
time="2024-05-24 20:52:48" level=info msg="Connected to DB"
time="2024-05-24 20:52:48" level=info msg="Connected to DB"
time="2024-05-24 20:52:48" level=info msg="server listen to port :8080"
time="2024-05-24 20:53:17" level=info msg="Connected to DB"
time="2024-05-24 20:53:17" level=info msg="Connected to DB"
time="2024-05-24 20:53:17" level=info msg="server listen to port :8080"
time="2024-05-24 20:53:39" level=error msg="Sign Up | High | fail to insert user" error="Error 1364 (HY000): Field 'password' doesn't have a default value" request="{\"nik\":\"689347689\",\"fullname\":\"lukas linardi\",\"legal_name\":\"felix linardi\",\"birth_place\":\"bogor\",\"birth_date\":\"0001-01-01T00:00:00Z\",\"salary\":8980899,\"ktp_pics\":\"ktp_pics\",\"pics\":\"pics\",\"password\":\"test\"}"
time="2024-05-24 20:54:07" level=info msg="Connected to DB"
time="2024-05-24 20:54:07" level=info msg="Connected to DB"
time="2024-05-24 20:54:07" level=info msg="server listen to port :8080"
time="2024-05-24 20:55:20" level=info msg="Connected to DB"
time="2024-05-24 20:55:20" level=info msg="Connected to DB"
time="2024-05-24 20:55:20" level=info msg="server listen to port :8080"
time="2024-05-24 20:57:46" level=info msg="Connected to DB"
time="2024-05-24 20:57:46" level=info msg="Connected to DB"
time="2024-05-24 20:57:46" level=info msg="server listen to port :8080"
time="2024-05-24 21:00:09" level=info msg="Connected to DB"
time="2024-05-24 21:00:09" level=info msg="Connected to DB"
time="2024-05-24 21:00:09" level=info msg="server listen to port :8080"
time="2024-05-24 21:02:12" level=info msg="Connected to DB"
time="2024-05-24 21:02:12" level=info msg="Connected to DB"
time="2024-05-24 21:02:12" level=info msg="server listen to port :8080"
time="2024-05-24 21:16:28" level=info msg="Connected to DB"
time="2024-05-24 21:16:28" level=info msg="Connected to DB"
time="2024-05-24 21:16:28" level=info msg="server listen to port :8080"
